[2021-03-23 11:26:15 PM CDT]	
        SELECT * 
        FROM 
        usuarios
        WHERE 
        email = NandoDev1997
        AND password = ASDqwe123...
        
[2021-03-23 11:27:29 PM CDT]	
        SELECT * 
        FROM 
        usuarios
        WHERE 
        email = 'NandoDev1997'
        AND password = 'ASDqwe123...'
        
[2021-03-23 11:27:31 PM CDT]	
        SELECT * 
        FROM 
        usuarios
        WHERE 
        email = 'NandoDev1997'
        AND password = 'ASDqwe123...'
        
[2021-03-23 11:27:52 PM CDT]	
        SELECT * 
        FROM 
        usuarios
        WHERE 
        email = 'NandoDev1997'
        AND password = 'ASDqwe123...'
        
[2021-03-23 11:29:59 PM CDT]	
        SELECT * 
        FROM 
        usuarios
        WHERE 
        email = 'NandoDev1997'
        AND password = 'ASDqwe123...'
        
[2021-03-23 11:30:01 PM CDT]	
        SELECT * 
        FROM 
        usuarios
        WHERE 
        email = 'NandoDev1997'
        AND password = 'ASDqwe123...'
        
[2021-03-23 11:30:01 PM CDT]	
        SELECT * 
        FROM 
        usuarios
        WHERE 
        email = 'NandoDev1997'
        AND password = 'ASDqwe123...'
        
[2021-03-23 11:30:16 PM CDT]	
        SELECT * 
        FROM 
        usuarios
        WHERE 
        email = 'NandoDev1997'
        AND password = 'ASDqwe123...'
        
[2021-03-23 11:31:50 PM CDT]	
        SELECT * 
        FROM 
        usuarios
        WHERE 
        email = 'NandoDev1997'
        AND password = 'ASDqwe123...'
        
[2021-03-23 11:31:51 PM CDT]	
        SELECT * 
        FROM 
        usuarios
        WHERE 
        email = 'NandoDev1997'
        AND password = 'ASDqwe123...'
        
[2021-03-23 11:32:00 PM CDT]	
        SELECT * 
        FROM 
        usuarios
        WHERE 
        email = 'luisfernandomoralescortes1997@gmail.com'
        AND password = 'ASDqwe123...'
        
[2021-03-23 11:32:32 PM CDT]	
        SELECT * 
        FROM 
        usuarios
        WHERE 
        email = 'NandoDev1997'
        AND password = 'Nando1'
        
[2021-03-23 11:35:49 PM CDT]	
        SELECT * 
        FROM 
        usuarios
        WHERE 
        email = 'luisfernandomoralescortes1997@gmail.com'
        AND password = 'Nando1.'
        
[2021-03-23 11:36:02 PM CDT]	
        SELECT * 
        FROM 
        usuarios
        WHERE 
        email = 'luisfernandomoralescortes1997@gmail.com'
        AND password = 'Nando1.'
        
[2021-03-23 11:37:04 PM CDT]	
        SELECT * 
        FROM 
        usuarios
        WHERE 
        email = 'luisfernandomoralescortes1997@gmail.com'
        AND password = 'Nando1.'
        
[2021-03-23 11:37:05 PM CDT]	
        SELECT * 
        FROM 
        usuarios
        WHERE 
        email = 'luisfernandomoralescortes1997@gmail.com'
        AND password = 'Nando1.'
        
[2021-03-23 11:37:07 PM CDT]	
        SELECT * 
        FROM 
        usuarios
        WHERE 
        email = 'luisfernandomoralescortes1997@gmail.com'
        AND password = 'Nando1.'
        
[2021-03-23 11:37:20 PM CDT]	
        SELECT * 
        FROM 
        usuarios
        WHERE 
        email = 'luisfernandomoralescortes1997@gmail.com'
        AND password = 'Nando1.'
        
[2021-03-23 11:37:23 PM CDT]	
        SELECT * 
        FROM 
        usuarios
        WHERE 
        email = 'luisfernandomoralescortes1997@gmail.com'
        AND password = 'Nando1.'
        
[2021-03-23 11:37:24 PM CDT]	
        SELECT * 
        FROM 
        usuarios
        WHERE 
        email = 'luisfernandomoralescortes1997@gmail.com'
        AND password = 'Nando1.'
        
[2021-03-23 11:37:29 PM CDT]	
        SELECT * 
        FROM 
        usuarios
        WHERE 
        email = 'luisfernandomoralescortes1997@gmail.com'
        AND password = 'Nando1.'
        
[2021-03-23 11:37:34 PM CDT]	
        SELECT * 
        FROM 
        usuarios
        WHERE 
        email = 'luisfernandomoralescortes1997@gmail.com'
        AND password = 'Nando1.'
        
[2021-03-23 11:39:21 PM CDT]	
        SELECT * 
        FROM 
        usuarios
        WHERE 
        email = 'luisfernandomoralescortes1997@gmail.com'
        AND password = 'Nando1.'
        
[2021-03-23 11:39:24 PM CDT]	
        SELECT * 
        FROM 
        usuarios
        WHERE 
        email = 'luisfernandomoralescortes1997@gmail.com'
        AND password = 'Nando1.'
        
[2021-03-23 11:39:26 PM CDT]	
        SELECT * 
        FROM 
        usuarios
        WHERE 
        email = 'luisfernandomoralescortes1997@gmail.com'
        AND password = 'Nando1.'
        
[2021-03-23 11:39:35 PM CDT]	
        SELECT * 
        FROM 
        usuarios
        WHERE 
        email = 'luisfernandomoralescortes1997@gmail.com'
        AND password = 'Nando1.'
        
[2021-03-23 11:39:37 PM CDT]	
        SELECT * 
        FROM 
        usuarios
        WHERE 
        email = 'luisfernandomoralescortes1997@gmail.com'
        AND password = 'Nando1.'
        
[2021-03-23 11:40:18 PM CDT]	
        SELECT * 
        FROM 
        usuarios
        WHERE 
        email = 'luisfernandomoralescortes1997@gmail.com'
        AND password = 'Nando1.'
        
[2021-03-23 11:40:31 PM CDT]	
        SELECT * 
        FROM 
        usuarios
        WHERE 
        email = 'luisfernandomoralescortes1997@gmail.com'
        AND password = 'Nando1.'
        
[2021-03-23 11:40:59 PM CDT]	
        SELECT * 
        FROM 
        usuarios
        WHERE 
        email = 'luisfernandomoralescortes1997@gmail.com'
        AND password = 'Nando1.'
        
[2021-03-23 11:41:28 PM CDT]	
        SELECT * 
        FROM 
        usuarios
        WHERE 
        email = 'luisfernandomoralescortes1997@gmail.com'
        AND password = 'Nando1.'
        
[2021-03-23 11:41:54 PM CDT]	
        SELECT * 
        FROM 
        usuarios
        WHERE 
        email = 'luisfernandomoralescortes1997@gmail.com'
        AND password = 'Nando1.'
        
[2021-03-23 11:42:27 PM CDT]	
        SELECT * 
        FROM 
        usuarios
        WHERE 
        email = 'luisfernandomoralescortes1997@gmail.com'
        AND password = 'Nando1.'
        
[2021-03-23 11:42:28 PM CDT]	
        SELECT * 
        FROM 
        usuarios
        WHERE 
        email = 'luisfernandomoralescortes1997@gmail.com'
        AND password = 'Nando1.'
        
[2021-03-23 11:43:25 PM CDT]	
        SELECT * 
        FROM 
        usuarios
        WHERE 
        email = 'luisfernandomoralescortes1997@gmail.com'
        AND password = 'Nando1.'
        
[2021-03-23 11:43:32 PM CDT]	
        SELECT * 
        FROM 
        usuarios
        WHERE 
        email = 'luisfernandomoralescortes1997@gmail.com'
        AND password = 'Nando1.'
        
[2021-03-23 11:46:59 PM CDT]	
        SELECT * 
        FROM 
        usuarios
        WHERE 
        email = 'luisfernandomoralescortes1997@gmail.com'
        AND password = 'Nando1.'
        
[2021-03-23 11:47:00 PM CDT]	
        SELECT * 
        FROM 
        usuarios
        WHERE 
        email = 'luisfernandomoralescortes1997@gmail.com'
        AND password = 'Nando1.'
        
[2021-03-23 11:47:45 PM CDT]	
        SELECT * 
        FROM 
        usuarios
        WHERE 
        email = 'luisfernandomoralescortes1997@gmail.com'
        AND password = 'Nando1.'
        
[2021-03-23 11:47:46 PM CDT]	
        SELECT * 
        FROM 
        usuarios
        WHERE 
        email = 'luisfernandomoralescortes1997@gmail.com'
        AND password = 'Nando1.'
        
[2021-03-23 11:47:47 PM CDT]	
        SELECT * 
        FROM 
        usuarios
        WHERE 
        email = 'luisfernandomoralescortes1997@gmail.com'
        AND password = 'Nando1.'
        
[2021-03-23 11:47:47 PM CDT]	
        SELECT * 
        FROM 
        usuarios
        WHERE 
        email = 'luisfernandomoralescortes1997@gmail.com'
        AND password = 'Nando1.'
        
[2021-03-23 11:48:03 PM CDT]	
        SELECT * 
        FROM 
        usuarios
        WHERE 
        email = 'luisfernandomoralescortes1997@gmail.com'
        AND password = 'Nando1.'
        
[2021-03-23 11:49:40 PM CDT]	
        SELECT * 
        FROM 
        usuarios
        WHERE 
        email = 'luisfernandomoralescortes1997@gmail.com'
        AND password = 'Nando1.'
        
[2021-03-23 11:50:49 PM CDT]	
        SELECT * 
        FROM 
        usuarios
        WHERE 
        email = 'luisfernandomoralescortes1997@gmail.com'
        AND password = 'Nando1.'
        
[2021-03-23 11:55:23 PM CDT]	
        SELECT * 
        FROM 
        usuarios
        WHERE 
        email = 'luisfernandomoralescortes1997@gmail.com'
        AND password = 'Nando1.'
        
[2021-03-23 11:55:25 PM CDT]	
        SELECT * 
        FROM 
        usuarios
        WHERE 
        email = 'luisfernandomoralescortes1997@gmail.com'
        AND password = 'Nando1.'
        
[2021-03-23 11:55:26 PM CDT]	
        SELECT * 
        FROM 
        usuarios
        WHERE 
        email = 'luisfernandomoralescortes1997@gmail.com'
        AND password = 'Nando1.'
        
[2021-03-23 11:56:21 PM CDT]	
        SELECT * 
        FROM 
        usuarios
        WHERE 
        email = 'luisfernandomoralescortes1997@gmail.com'
        AND password = 'Nando1.'
        
[2021-03-23 11:56:23 PM CDT]	
        SELECT * 
        FROM 
        usuarios
        WHERE 
        email = 'luisfernandomoralescortes1997@gmail.com'
        AND password = 'Nando1.'
        
[2021-03-23 11:56:23 PM CDT]	
        SELECT * 
        FROM 
        usuarios
        WHERE 
        email = 'luisfernandomoralescortes1997@gmail.com'
        AND password = 'Nando1.'
        
[2021-03-23 11:56:24 PM CDT]	
        SELECT * 
        FROM 
        usuarios
        WHERE 
        email = 'luisfernandomoralescortes1997@gmail.com'
        AND password = 'Nando1.'
        
[2021-03-23 11:58:20 PM CDT]	
        SELECT * 
        FROM 
        usuarios
        WHERE 
        email = 'luisfernandomoralescortes1997@gmail.com'
        AND password = 'Nando1.'
        
[2021-03-23 11:58:22 PM CDT]	
        SELECT * 
        FROM 
        usuarios
        WHERE 
        email = 'luisfernandomoralescortes1997@gmail.com'
        AND password = 'Nando1.'
        
[2021-03-23 11:58:55 PM CDT]	
        SELECT * 
        FROM 
        usuarios
        WHERE 
        email = 'luisfernandomoralescortes1997@gmail.com'
        AND password = 'Nando1.'
        
[2021-03-23 11:59:16 PM CDT]	
        SELECT * 
        FROM 
        usuarios
        WHERE 
        email = 'luisfernandomoralescortes1997@gmail.com'
        AND password = 'Nando1.'
        
[2021-03-23 11:59:17 PM CDT]	
        SELECT * 
        FROM 
        usuarios
        WHERE 
        email = 'luisfernandomoralescortes1997@gmail.com'
        AND password = 'Nando1.'
        
[2021-03-23 11:59:18 PM CDT]	
        SELECT * 
        FROM 
        usuarios
        WHERE 
        email = 'luisfernandomoralescortes1997@gmail.com'
        AND password = 'Nando1.'
        
[2021-03-23 11:59:18 PM CDT]	
        SELECT * 
        FROM 
        usuarios
        WHERE 
        email = 'luisfernandomoralescortes1997@gmail.com'
        AND password = 'Nando1.'
        
[2021-03-23 11:59:19 PM CDT]	
        SELECT * 
        FROM 
        usuarios
        WHERE 
        email = 'luisfernandomoralescortes1997@gmail.com'
        AND password = 'Nando1.'
        
[2021-03-24 12:00:17 AM CDT]	
        SELECT * 
        FROM 
        usuarios
        WHERE 
        email = 'luisfernandomoralescortes1997@gmail.com'
        AND password = 'Nando1.'
        
[2021-03-24 12:01:23 AM CDT]	
        SELECT * 
        FROM 
        usuarios
        WHERE 
        email = 'luisfernandomoralescortes1997@gmail.com'
        AND password = 'Nando1.'
        
[2021-03-24 12:01:55 AM CDT]	
        SELECT * 
        FROM 
        usuarios
        WHERE 
        email = 'luisfernandomoralescortes1997@gmail.com'
        AND password = 'Nando1.'
        
[2021-03-24 12:03:00 AM CDT]	
        SELECT * 
        FROM 
        usuarios
        WHERE 
        email = 'luisfernandomoralescortes1997@gmail.com'
        AND password = 'Nando1.'
        
[2021-03-24 12:03:42 AM CDT]	
        SELECT * 
        FROM 
        usuarios
        WHERE 
        email = 'luisfernandomoralescortes1997@gmail.com'
        AND password = 'Nando1.'
        
[2021-03-24 12:03:44 AM CDT]	
        SELECT * 
        FROM 
        usuarios
        WHERE 
        email = 'luisfernandomoralescortes1997@gmail.com'
        AND password = 'Nando1.'
        
[2021-03-24 12:03:45 AM CDT]	
        SELECT * 
        FROM 
        usuarios
        WHERE 
        email = 'luisfernandomoralescortes1997@gmail.com'
        AND password = 'Nando1.'
        
[2021-03-24 12:03:45 AM CDT]	
        SELECT * 
        FROM 
        usuarios
        WHERE 
        email = 'luisfernandomoralescortes1997@gmail.com'
        AND password = 'Nando1.'
        
[2021-03-24 12:05:05 AM CDT]	
        SELECT * 
        FROM 
        usuarios
        WHERE 
        email = 'luisfernandomoralescortes1997@gmail.com'
        AND password = 'Nando1.'
        
[2021-03-24 12:05:09 AM CDT]	
        SELECT * 
        FROM 
        usuarios
        WHERE 
        email = 'luisfernandomoralescortes1997@gmail.com'
        AND password = 'Nando1.'
        
[2021-03-24 12:05:09 AM CDT]	
        SELECT * 
        FROM 
        usuarios
        WHERE 
        email = 'luisfernandomoralescortes1997@gmail.com'
        AND password = 'Nando1.'
        
[2021-03-24 12:07:10 AM CDT]	
        SELECT * 
        FROM 
        usuarios
        WHERE 
        email = 'luisfernandomoralescortes1997@gmail.com'
        AND password = 'Nando1.'
        
[2021-03-24 12:07:11 AM CDT]	
        SELECT * 
        FROM 
        usuarios
        WHERE 
        email = 'luisfernandomoralescortes1997@gmail.com'
        AND password = 'Nando1.'
        
[2021-03-24 12:07:11 AM CDT]	
        SELECT * 
        FROM 
        usuarios
        WHERE 
        email = 'luisfernandomoralescortes1997@gmail.com'
        AND password = 'Nando1.'
        
[2021-03-24 12:07:11 AM CDT]	
        SELECT * 
        FROM 
        usuarios
        WHERE 
        email = 'luisfernandomoralescortes1997@gmail.com'
        AND password = 'Nando1.'
        
[2021-03-24 12:08:08 AM CDT]	
        SELECT * 
        FROM 
        usuarios
        WHERE 
        email = 'luisfernandomoralescortes1997@gmail.com'
        AND password = 'Nando1.'
        
[2021-03-24 12:08:13 AM CDT]	
        SELECT * 
        FROM 
        usuarios
        WHERE 
        email = 'luisfernandomoralescortes1997@gmail.com'
        AND password = 'Nando1.'
        
[2021-03-24 12:08:14 AM CDT]	
        SELECT * 
        FROM 
        usuarios
        WHERE 
        email = 'luisfernandomoralescortes1997@gmail.com'
        AND password = 'Nando1.'
        
[2021-03-24 12:08:15 AM CDT]	
        SELECT * 
        FROM 
        usuarios
        WHERE 
        email = 'luisfernandomoralescortes1997@gmail.com'
        AND password = 'Nando1.'
        
[2021-03-24 12:10:33 AM CDT]	
        SELECT * 
        FROM 
        usuarios
        WHERE 
        email = 'luisfernandomoralescortes1997@gmail.com'
        AND password = 'Nando1.'
        
[2021-03-24 12:11:26 AM CDT]	
        SELECT * 
        FROM 
        usuarios
        WHERE 
        email = 'luisfernandomoralescortes1997@gmail.com'
        AND password = 'Nando1.'
        
[2021-03-24 12:11:28 AM CDT]	
        SELECT * 
        FROM 
        usuarios
        WHERE 
        email = 'luisfernandomoralescortes1997@gmail.com'
        AND password = 'Nando1.'
        
[2021-03-24 12:11:29 AM CDT]	
        SELECT * 
        FROM 
        usuarios
        WHERE 
        email = 'luisfernandomoralescortes1997@gmail.com'
        AND password = 'Nando1.'
        
[2021-03-24 12:12:05 AM CDT]	
        SELECT * 
        FROM 
        usuarios
        WHERE 
        email = 'luisfernandomoralescortes1997@gmail.com'
        AND password = 'Nando1.'
        
[2021-03-24 12:12:07 AM CDT]	
        SELECT * 
        FROM 
        usuarios
        WHERE 
        email = 'luisfernandomoralescortes1997@gmail.com'
        AND password = 'Nando1.'
        
[2021-03-24 12:12:56 AM CDT]	
        SELECT * 
        FROM 
        usuarios
        WHERE 
        email = 'luisfernandomoralescortes1997@gmail.com'
        AND password = 'Nando1.'
        
[2021-03-24 12:13:09 AM CDT]	
        SELECT * 
        FROM 
        usuarios
        WHERE 
        email = 'luisfernandomoralescortes1997@gmail.com'
        AND password = 'Nando1.'
        
[2021-03-24 12:13:49 AM CDT]	
        SELECT * 
        FROM 
        usuarios
        WHERE 
        email = 'luisfernandomoralescortes1997@gmail.com'
        AND password = 'Nando1.'
        
[2021-03-24 12:13:56 AM CDT]	
        SELECT * 
        FROM 
        usuarios
        WHERE 
        email = 'luisfernandomoralescortes1997@gmail.com'
        AND password = 'Nando1.'
        
[2021-03-24 12:14:03 AM CDT]	
        SELECT * 
        FROM 
        usuarios
        WHERE 
        email = 'luisfernandomoralescortes1997@gmail.com'
        AND password = 'Nando1.'
        
[2021-03-24 12:15:07 AM CDT]	
        SELECT * 
        FROM 
        usuarios
        WHERE 
        email = 'luisfernandomoralescortes1997@gmail.com'
        AND password = 'Nando1.'
        
[2021-03-24 12:16:30 AM CDT]	
        SELECT * 
        FROM 
        usuarios
        WHERE 
        email = 'luisfernandomoralescortes1997@gmail.com'
        AND password = 'Nando1.'
        
[2021-03-24 12:16:51 AM CDT]	
        SELECT * 
        FROM 
        usuarios
        WHERE 
        email = 'luisfernandomoralescortes1997@gmail.com'
        AND password = 'Nando1.'
        
[2021-03-24 12:17:43 AM CDT]	
        SELECT * 
        FROM 
        usuarios
        WHERE 
        email = 'luisfernandomoralescortes1997@gmail.com'
        AND password = 'Nando1.'
        
[2021-03-24 12:17:59 AM CDT]	
        SELECT * 
        FROM 
        usuarios
        WHERE 
        email = 'luisfernandomoralescortes1997@gmail.com'
        AND password = 'Nando1.'
        
[2021-03-24 12:18:05 AM CDT]	
        SELECT * 
        FROM 
        usuarios
        WHERE 
        email = 'luisfernandomoralescortes1997@gmail.com'
        AND password = 'Nando1.'
        
[2021-03-24 12:18:30 AM CDT]	
        SELECT * 
        FROM 
        usuarios
        WHERE 
        email = 'luisfernandomoralescortes1997@gmail.com'
        AND password = 'Nando1.'
        
[2021-03-24 12:18:31 AM CDT]	
        SELECT * 
        FROM 
        usuarios
        WHERE 
        email = 'luisfernandomoralescortes1997@gmail.com'
        AND password = 'Nando1.'
        
[2021-03-24 12:18:32 AM CDT]	
        SELECT * 
        FROM 
        usuarios
        WHERE 
        email = 'luisfernandomoralescortes1997@gmail.com'
        AND password = 'Nando1.'
        
[2021-03-24 12:18:37 AM CDT]	
        SELECT * 
        FROM 
        usuarios
        WHERE 
        email = 'luisfernandomoralescortes1997@gmail.com'
        AND password = 'Nando1.'
        
[2021-03-24 12:18:39 AM CDT]	
        SELECT * 
        FROM 
        usuarios
        WHERE 
        email = 'luisfernandomoralescortes1997@gmail.com'
        AND password = 'Nando1.'
        
[2021-03-24 12:19:41 AM CDT]	
        SELECT * 
        FROM 
        usuarios
        WHERE 
        email = 'luisfernandomoralescortes1997@gmail.com'
        AND password = 'Nando1.'
        
[2021-03-24 12:19:48 AM CDT]	
        SELECT * 
        FROM 
        usuarios
        WHERE 
        email = 'luisfernandomoralescortes1997@gmail.com'
        AND password = 'Nando1.'
        
[2021-03-24 12:21:05 AM CDT]	
        SELECT * 
        FROM 
        usuarios
        WHERE 
        email = 'luisfernandomoralescortes1997@gmail.com'
        AND password = 'Nando1.'
        
[2021-03-24 12:21:18 AM CDT]	
        SELECT * 
        FROM 
        usuarios
        WHERE 
        email = 'luisfernandomoralescortes1997@gmail.com'
        AND password = 'Nando1.'
        
[2021-03-24 12:21:19 AM CDT]	
        SELECT * 
        FROM 
        usuarios
        WHERE 
        email = 'luisfernandomoralescortes1997@gmail.com'
        AND password = 'Nando1.'
        
[2021-03-24 12:21:20 AM CDT]	
        SELECT * 
        FROM 
        usuarios
        WHERE 
        email = 'luisfernandomoralescortes1997@gmail.com'
        AND password = 'Nando1.'
        
[2021-03-24 12:21:20 AM CDT]	
        SELECT * 
        FROM 
        usuarios
        WHERE 
        email = 'luisfernandomoralescortes1997@gmail.com'
        AND password = 'Nando1.'
        
[2021-03-24 12:25:58 AM CDT]	
        SELECT * 
        FROM 
        usuarios
        WHERE 
        email = 'luisfernandomoralescortes1997@gmail.com'
        AND password = 'Nando1.'
        
[2021-03-24 12:26:01 AM CDT]	
        SELECT * 
        FROM 
        usuarios
        WHERE 
        email = 'luisfernandomoralescortes1997@gmail.com'
        AND password = 'Nando1.'
        
[2021-03-24 12:26:02 AM CDT]	
        SELECT * 
        FROM 
        usuarios
        WHERE 
        email = 'luisfernandomoralescortes1997@gmail.com'
        AND password = 'Nando1.'
        
[2021-03-24 12:27:14 AM CDT]	
        SELECT * 
        FROM 
        usuarios
        WHERE 
        email = 'luisfernandomoralescortes1997@gmail.com'
        AND password = 'Nando1.'
        
[2021-03-24 12:27:15 AM CDT]	
        SELECT * 
        FROM 
        usuarios
        WHERE 
        email = 'luisfernandomoralescortes1997@gmail.com'
        AND password = 'Nando1.'
        
[2021-03-24 12:27:34 AM CDT]	
        SELECT * 
        FROM 
        usuarios
        WHERE 
        email = 'luisfernandomoralescortes1997@gmail.com'
        AND password = 'Nando1.'
        
[2021-03-24 12:27:34 AM CDT]	
        SELECT * 
        FROM 
        usuarios
        WHERE 
        email = 'luisfernandomoralescortes1997@gmail.com'
        AND password = 'Nando1.'
        
